::1 - - [21/Jan/2015:13:59:50 +0100] "GET /phpmyadmin/db_structure.php?server=1&db=muziekdb&token=b51867551258bdc44b981e3f348ff6ca&ajax_request=true&ajax_page_request=true&menuHashes=ddd85b31-2859fae3&_nocache=1421845190029631780 HTTP/1.1" 200 310
::1 - - [21/Jan/2015:13:59:52 +0100] "GET /phpmyadmin/index.php?token=b51867551258bdc44b981e3f348ff6ca HTTP/1.1" 200 8153
::1 - - [21/Jan/2015:13:59:53 +0100] "GET /phpmyadmin/themes/pmahomme/jquery/jquery-ui-1.9.2.custom.css HTTP/1.1" 304 -
::1 - - [21/Jan/2015:13:59:53 +0100] "GET /phpmyadmin/themes/pmahomme/img/logo_right.png HTTP/1.1" 304 -
::1 - - [21/Jan/2015:13:59:53 +0100] "GET /phpmyadmin/themes/dot.gif HTTP/1.1" 304 -
::1 - - [21/Jan/2015:13:59:53 +0100] "GET /phpmyadmin/js/get_scripts.js.php?scripts[]=jquery/jquery-1.8.3.js&scripts[]=ajax.js&scripts[]=keyhandler.js&scripts[]=jquery/jquery-ui-1.9.2.custom.js&scripts[]=jquery/jquery.sprintf.js&scripts[]=jquery/jquery.cookie.js&scripts[]=jquery/jquery.mousewheel.js&scripts[]=jquery/jquery.event.drag-2.2.js&scripts[]=jquery/jquery-ui-timepicker-addon.js&scripts[]=jquery/jquery.ba-hashchange-1.3.js&scripts[]=jquery/jquery.debounce-1.0.5.js&scripts[]=jquery/jquery.menuResizer-1.0.js&scripts[]=rte.js&scripts[]=functions.js&scripts[]=navigation.js&scripts[]=indexes.js&scripts[]=common.js&scripts[]=codemirror/lib/codemirror.js&scripts[]=codemirror/mode/mysql/mysql.js HTTP/1.1" 200 578562
::1 - - [21/Jan/2015:13:59:53 +0100] "GET /phpmyadmin/phpmyadmin.css.php?server=1&token=b51867551258bdc44b981e3f348ff6ca&nocache=4251026320ltr HTTP/1.1" 200 88608
::1 - - [21/Jan/2015:13:59:53 +0100] "GET /phpmyadmin/js/get_image.js.php?theme=pmahomme HTTP/1.1" 200 6263
::1 - - [21/Jan/2015:13:59:53 +0100] "GET /phpmyadmin/js/messages.php?lang=nl&db=&server=0&token=b51867551258bdc44b981e3f348ff6ca HTTP/1.1" 200 18194
::1 - - [21/Jan/2015:13:59:53 +0100] "GET /phpmyadmin/server_databases.php?db=&table=&server=1&target=&token=b51867551258bdc44b981e3f348ff6ca HTTP/1.1" 200 8129
::1 - - [21/Jan/2015:13:59:54 +0100] "GET /phpmyadmin/js/messages.php?lang=nl&db=&token=b51867551258bdc44b981e3f348ff6ca HTTP/1.1" 200 18194
::1 - - [21/Jan/2015:13:59:58 +0100] "POST /phpmyadmin/index.php HTTP/1.1" 302 -
::1 - - [21/Jan/2015:13:59:58 +0100] "GET /phpmyadmin/index.php?target=server_databases.php&token=b51867551258bdc44b981e3f348ff6ca HTTP/1.1" 200 56319
::1 - - [21/Jan/2015:13:59:59 +0100] "GET /phpmyadmin/js/get_scripts.js.php?scripts[]=jquery/jquery-1.8.3.js&scripts[]=ajax.js&scripts[]=keyhandler.js&scripts[]=jquery/jquery-ui-1.9.2.custom.js&scripts[]=jquery/jquery.sprintf.js&scripts[]=jquery/jquery.cookie.js&scripts[]=jquery/jquery.mousewheel.js&scripts[]=jquery/jquery.event.drag-2.2.js&scripts[]=jquery/jquery-ui-timepicker-addon.js&scripts[]=jquery/jquery.ba-hashchange-1.3.js&scripts[]=jquery/jquery.debounce-1.0.5.js&scripts[]=jquery/jquery.menuResizer-1.0.js&scripts[]=rte.js&scripts[]=functions.js&scripts[]=navigation.js&scripts[]=indexes.js&scripts[]=common.js&scripts[]=server_databases.js&scripts[]=codemirror/lib/codemirror.js&scripts[]=codemirror/mode/mysql/mysql.js HTTP/1.1" 200 580380
::1 - - [21/Jan/2015:14:00:02 +0100] "GET /phpmyadmin/server_databases.php?db=&token=b51867551258bdc44b981e3f348ff6ca&ajax_request=true&ajax_page_request=true&menuHashes=ddd85b31&_nocache=1421845202485395840 HTTP/1.1" 200 44817
::1 - - [21/Jan/2015:14:00:05 +0100] "GET /phpmyadmin/db_structure.php?token=b51867551258bdc44b981e3f348ff6ca&db=muziekdb&ajax_request=true&ajax_page_request=true&menuHashes=ddd85b31-2859fae3&_nocache=1421845205037125703 HTTP/1.1" 200 23760
::1 - - [21/Jan/2015:14:00:05 +0100] "GET /phpmyadmin/js/get_scripts.js.php?scripts[]=db_structure.js&scripts[]=tbl_change.js HTTP/1.1" 200 12382
::1 - - [21/Jan/2015:14:00:08 +0100] "GET /phpmyadmin/db_operations.php?db=muziekdb&token=b51867551258bdc44b981e3f348ff6ca&ajax_request=true&ajax_page_request=true&menuHashes=ddd85b31-2859fae3-46c59cba&_nocache=1421845208990512828 HTTP/1.1" 200 37772
::1 - - [21/Jan/2015:14:00:09 +0100] "GET /phpmyadmin/js/get_scripts.js.php?scripts[]=db_operations.js HTTP/1.1" 200 1854
::1 - - [21/Jan/2015:14:00:12 +0100] "GET /phpmyadmin/db_structure.php?db=muziekdb&token=b51867551258bdc44b981e3f348ff6ca&ajax_request=true&ajax_page_request=true&menuHashes=ddd85b31-2859fae3-46c59cba-b9f2a27c&_nocache=1421845212078183129 HTTP/1.1" 200 20595
::1 - - [21/Jan/2015:14:00:15 +0100] "GET /phpmyadmin/db_structure.php?server=1&db=muziekdblocal&token=b51867551258bdc44b981e3f348ff6ca&ajax_request=true&ajax_page_request=true&menuHashes=ddd85b31-2859fae3-46c59cba-b9f2a27c&_nocache=1421845215730368355 HTTP/1.1" 200 21243
::1 - - [21/Jan/2015:14:00:18 +0100] "GET /phpmyadmin/db_structure.php?server=1&db=muziekdb2&token=b51867551258bdc44b981e3f348ff6ca&ajax_request=true&ajax_page_request=true&menuHashes=ddd85b31-2859fae3-46c59cba-b9f2a27c-3c7c7656&_nocache=1421845218718858871 HTTP/1.1" 200 21244
::1 - - [21/Jan/2015:14:00:22 +0100] "GET /phpmyadmin/db_structure.php?server=1&db=muziekdb&token=b51867551258bdc44b981e3f348ff6ca&ajax_request=true&ajax_page_request=true&menuHashes=ddd85b31-2859fae3-46c59cba-b9f2a27c-3c7c7656-703c1ac2&_nocache=1421845222622982065 HTTP/1.1" 200 20597
::1 - - [21/Jan/2015:14:00:28 +0100] "GET /phpmyadmin/sql.php?db=muziekdb&token=b51867551258bdc44b981e3f348ff6ca&goto=db_structure.php&table=cd&pos=0&ajax_request=true&ajax_page_request=true&menuHashes=ddd85b31-2859fae3-46c59cba-b9f2a27c-3c7c7656-703c1ac2&_nocache=1421845228906342605 HTTP/1.1" 200 37324
::1 - - [21/Jan/2015:14:00:29 +0100] "GET /phpmyadmin/js/get_scripts.js.php?scripts[]=tbl_structure.js&scripts[]=gis_data_editor.js&scripts[]=makegrid.js&scripts[]=sql.js HTTP/1.1" 200 50287
::1 - - [21/Jan/2015:14:00:29 +0100] "GET /phpmyadmin/index.php?ajax_request=1&recent_table=1&token=b51867551258bdc44b981e3f348ff6ca HTTP/1.1" 200 207
::1 - - [21/Jan/2015:14:00:31 +0100] "GET /phpmyadmin/tbl_operations.php?db=muziekdb&table=cd&token=b51867551258bdc44b981e3f348ff6ca&ajax_request=true&ajax_page_request=true&menuHashes=ddd85b31-2859fae3-46c59cba-b9f2a27c-3c7c7656-703c1ac2-05404e8c&_nocache=1421845231224334019 HTTP/1.1" 200 43161
::1 - - [21/Jan/2015:14:00:32 +0100] "GET /phpmyadmin/index.php?ajax_request=1&recent_table=1&token=b51867551258bdc44b981e3f348ff6ca HTTP/1.1" 200 207
::1 - - [21/Jan/2015:14:00:57 +0100] "POST /phpmyadmin/tbl_operations.php HTTP/1.1" 200 2410
::1 - - [21/Jan/2015:14:01:18 +0100] "GET /phpmyadmin/db_structure.php?db=muziekdb&token=b51867551258bdc44b981e3f348ff6ca&ajax_request=true&ajax_page_request=true&menuHashes=2859fae3-46c59cba-b9f2a27c-3c7c7656-703c1ac2-05404e8c-9261b10b&_nocache=1421845278946271249 HTTP/1.1" 200 20595
::1 - - [21/Jan/2015:14:01:21 +0100] "GET /phpmyadmin/sql.php?db=muziekdb&token=b51867551258bdc44b981e3f348ff6ca&goto=db_structure.php&table=doos&pos=0&ajax_request=true&ajax_page_request=true&menuHashes=2859fae3-46c59cba-b9f2a27c-3c7c7656-703c1ac2-05404e8c-9261b10b&_nocache=1421845281048560904 HTTP/1.1" 200 42296
::1 - - [21/Jan/2015:14:01:21 +0100] "GET /phpmyadmin/index.php?ajax_request=1&recent_table=1&token=b51867551258bdc44b981e3f348ff6ca HTTP/1.1" 200 325
::1 - - [21/Jan/2015:14:01:26 +0100] "GET /phpmyadmin/tbl_operations.php?db=muziekdb&table=doos&token=b51867551258bdc44b981e3f348ff6ca&ajax_request=true&ajax_page_request=true&menuHashes=46c59cba-b9f2a27c-3c7c7656-703c1ac2-05404e8c-9261b10b-79f91ef3&_nocache=14218452860342878 HTTP/1.1" 200 43033
::1 - - [21/Jan/2015:14:01:26 +0100] "GET /phpmyadmin/index.php?ajax_request=1&recent_table=1&token=b51867551258bdc44b981e3f348ff6ca HTTP/1.1" 200 325
::1 - - [21/Jan/2015:14:01:31 +0100] "POST /phpmyadmin/tbl_operations.php HTTP/1.1" 200 3722
::1 - - [21/Jan/2015:14:01:32 +0100] "POST /phpmyadmin/navigation.php?ajax_request=1&token=b51867551258bdc44b981e3f348ff6ca HTTP/1.1" 200 8838
::1 - - [21/Jan/2015:14:01:34 +0100] "GET /phpmyadmin/db_structure.php?db=muziekdb&token=b51867551258bdc44b981e3f348ff6ca&ajax_request=true&ajax_page_request=true&menuHashes=b9f2a27c-3c7c7656-703c1ac2-05404e8c-9261b10b-79f91ef3-c5e38b79&_nocache=1421845294938471694 HTTP/1.1" 200 23760
::1 - - [21/Jan/2015:14:01:37 +0100] "GET /phpmyadmin/sql.php?db=muziekdb&token=b51867551258bdc44b981e3f348ff6ca&goto=db_structure.php&table=cd&pos=0&ajax_request=true&ajax_page_request=true&menuHashes=3c7c7656-703c1ac2-05404e8c-9261b10b-79f91ef3-c5e38b79-46c59cba&_nocache=142184529719484450 HTTP/1.1" 200 34292
::1 - - [21/Jan/2015:14:01:37 +0100] "GET /phpmyadmin/index.php?ajax_request=1&recent_table=1&token=b51867551258bdc44b981e3f348ff6ca HTTP/1.1" 200 325
::1 - - [21/Jan/2015:14:01:38 +0100] "GET /phpmyadmin/tbl_operations.php?db=muziekdb&table=cd&token=b51867551258bdc44b981e3f348ff6ca&ajax_request=true&ajax_page_request=true&menuHashes=3c7c7656-703c1ac2-05404e8c-9261b10b-79f91ef3-c5e38b79-46c59cba&_nocache=1421845298794863047 HTTP/1.1" 200 40129
::1 - - [21/Jan/2015:14:01:39 +0100] "GET /phpmyadmin/index.php?ajax_request=1&recent_table=1&token=b51867551258bdc44b981e3f348ff6ca HTTP/1.1" 200 325
::1 - - [21/Jan/2015:14:01:47 +0100] "POST /phpmyadmin/tbl_operations.php HTTP/1.1" 200 3692
::1 - - [21/Jan/2015:14:01:47 +0100] "POST /phpmyadmin/navigation.php?ajax_request=1&token=b51867551258bdc44b981e3f348ff6ca HTTP/1.1" 200 8838
::1 - - [21/Jan/2015:14:01:51 +0100] "GET /phpmyadmin/db_structure.php?db=muziekdb&token=b51867551258bdc44b981e3f348ff6ca&ajax_request=true&ajax_page_request=true&menuHashes=3c7c7656-703c1ac2-05404e8c-9261b10b-79f91ef3-c5e38b79-46c59cba&_nocache=1421845311361769728 HTTP/1.1" 200 20595
::1 - - [21/Jan/2015:14:01:54 +0100] "GET /phpmyadmin/sql.php?db=muziekdb&token=b51867551258bdc44b981e3f348ff6ca&goto=db_structure.php&table=nummer&pos=0&ajax_request=true&ajax_page_request=true&menuHashes=3c7c7656-703c1ac2-05404e8c-9261b10b-79f91ef3-c5e38b79-46c59cba&_nocache=1421845314913158514 HTTP/1.1" 200 29658
::1 - - [21/Jan/2015:14:01:55 +0100] "GET /phpmyadmin/index.php?ajax_request=1&recent_table=1&token=b51867551258bdc44b981e3f348ff6ca HTTP/1.1" 200 447
::1 - - [21/Jan/2015:14:01:56 +0100] "GET /phpmyadmin/tbl_operations.php?db=muziekdb&table=nummer&token=b51867551258bdc44b981e3f348ff6ca&ajax_request=true&ajax_page_request=true&menuHashes=703c1ac2-05404e8c-9261b10b-79f91ef3-c5e38b79-46c59cba-fcbee093&_nocache=1421845316670200027 HTTP/1.1" 200 43520
::1 - - [21/Jan/2015:14:01:57 +0100] "GET /phpmyadmin/index.php?ajax_request=1&recent_table=1&token=b51867551258bdc44b981e3f348ff6ca HTTP/1.1" 200 447
::1 - - [21/Jan/2015:14:02:02 +0100] "POST /phpmyadmin/tbl_operations.php HTTP/1.1" 200 3752
::1 - - [21/Jan/2015:14:02:03 +0100] "POST /phpmyadmin/navigation.php?ajax_request=1&token=b51867551258bdc44b981e3f348ff6ca HTTP/1.1" 200 8838
::1 - - [21/Jan/2015:14:02:06 +0100] "GET /phpmyadmin/db_structure.php?server=1&db=muziekdblocal&token=b51867551258bdc44b981e3f348ff6ca&ajax_request=true&ajax_page_request=true&menuHashes=05404e8c-9261b10b-79f91ef3-c5e38b79-46c59cba-fcbee093-3326c458&_nocache=1421845326330390966 HTTP/1.1" 200 21236
::1 - - [21/Jan/2015:15:01:33 +0100] "GET /phpmyadmin/sql.php?db=muziekdblocal&token=b51867551258bdc44b981e3f348ff6ca&goto=db_structure.php&table=doos&pos=0&ajax_request=true&ajax_page_request=true&menuHashes=9261b10b-79f91ef3-c5e38b79-46c59cba-fcbee093-3326c458-3c7c7656&_nocache=1421848893339196980 HTTP/1.1" 200 310
::1 - - [21/Jan/2015:15:01:35 +0100] "GET /phpmyadmin/index.php?target=server_databases.php&token=b51867551258bdc44b981e3f348ff6ca HTTP/1.1" 200 8164
::1 - - [21/Jan/2015:15:01:36 +0100] "GET /phpmyadmin/themes/pmahomme/img/logo_right.png HTTP/1.1" 304 -
::1 - - [21/Jan/2015:15:01:36 +0100] "GET /phpmyadmin/themes/pmahomme/jquery/jquery-ui-1.9.2.custom.css HTTP/1.1" 304 -
::1 - - [21/Jan/2015:15:01:36 +0100] "GET /phpmyadmin/themes/dot.gif HTTP/1.1" 304 -
::1 - - [21/Jan/2015:15:01:36 +0100] "GET /phpmyadmin/js/get_scripts.js.php?scripts[]=jquery/jquery-1.8.3.js&scripts[]=ajax.js&scripts[]=keyhandler.js&scripts[]=jquery/jquery-ui-1.9.2.custom.js&scripts[]=jquery/jquery.sprintf.js&scripts[]=jquery/jquery.cookie.js&scripts[]=jquery/jquery.mousewheel.js&scripts[]=jquery/jquery.event.drag-2.2.js&scripts[]=jquery/jquery-ui-timepicker-addon.js&scripts[]=jquery/jquery.ba-hashchange-1.3.js&scripts[]=jquery/jquery.debounce-1.0.5.js&scripts[]=jquery/jquery.menuResizer-1.0.js&scripts[]=rte.js&scripts[]=functions.js&scripts[]=navigation.js&scripts[]=indexes.js&scripts[]=common.js&scripts[]=codemirror/lib/codemirror.js&scripts[]=codemirror/mode/mysql/mysql.js HTTP/1.1" 200 578562
::1 - - [21/Jan/2015:15:01:36 +0100] "GET /phpmyadmin/phpmyadmin.css.php?server=1&token=b51867551258bdc44b981e3f348ff6ca&nocache=4251026320ltr HTTP/1.1" 200 88608
::1 - - [21/Jan/2015:15:01:36 +0100] "GET /phpmyadmin/js/messages.php?lang=nl&db=&server=0&token=b51867551258bdc44b981e3f348ff6ca HTTP/1.1" 200 18194
::1 - - [21/Jan/2015:15:01:36 +0100] "GET /phpmyadmin/js/get_image.js.php?theme=pmahomme HTTP/1.1" 200 6263
::1 - - [21/Jan/2015:15:01:37 +0100] "GET /phpmyadmin/db_structure.php?db=muziekdblocal&table=&server=1&target=&token=b51867551258bdc44b981e3f348ff6ca HTTP/1.1" 200 8232
::1 - - [21/Jan/2015:15:01:38 +0100] "GET /phpmyadmin/js/messages.php?lang=nl&db=muziekdblocal&token=b51867551258bdc44b981e3f348ff6ca HTTP/1.1" 200 18194
::1 - - [21/Jan/2015:15:01:42 +0100] "POST /phpmyadmin/index.php HTTP/1.1" 302 -
::1 - - [21/Jan/2015:15:01:42 +0100] "GET /phpmyadmin/index.php?db=muziekdblocal&target=db_structure.php&token=b51867551258bdc44b981e3f348ff6ca HTTP/1.1" 200 34780
::1 - - [21/Jan/2015:15:01:43 +0100] "GET /phpmyadmin/js/get_scripts.js.php?scripts[]=jquery/jquery-1.8.3.js&scripts[]=ajax.js&scripts[]=keyhandler.js&scripts[]=jquery/jquery-ui-1.9.2.custom.js&scripts[]=jquery/jquery.sprintf.js&scripts[]=jquery/jquery.cookie.js&scripts[]=jquery/jquery.mousewheel.js&scripts[]=jquery/jquery.event.drag-2.2.js&scripts[]=jquery/jquery-ui-timepicker-addon.js&scripts[]=jquery/jquery.ba-hashchange-1.3.js&scripts[]=jquery/jquery.debounce-1.0.5.js&scripts[]=jquery/jquery.menuResizer-1.0.js&scripts[]=rte.js&scripts[]=functions.js&scripts[]=navigation.js&scripts[]=indexes.js&scripts[]=common.js&scripts[]=db_structure.js&scripts[]=tbl_change.js&scripts[]=codemirror/lib/codemirror.js&scripts[]=codemirror/mode/mysql/mysql.js HTTP/1.1" 200 590944
::1 - - [21/Jan/2015:15:01:43 +0100] "GET /phpmyadmin/js/messages.php?lang=nl&db=muziekdblocal&server=0&token=b51867551258bdc44b981e3f348ff6ca HTTP/1.1" 200 18194
::1 - - [21/Jan/2015:15:01:46 +0100] "GET /phpmyadmin/sql.php?db=muziekdblocal&token=b51867551258bdc44b981e3f348ff6ca&goto=db_structure.php&table=doos&pos=0&ajax_request=true&ajax_page_request=true&menuHashes=a3f338c4&_nocache=1421848906261387420 HTTP/1.1" 200 42776
::1 - - [21/Jan/2015:15:01:46 +0100] "GET /phpmyadmin/js/get_scripts.js.php?scripts[]=tbl_structure.js&scripts[]=gis_data_editor.js&scripts[]=makegrid.js&scripts[]=sql.js HTTP/1.1" 200 50287
::1 - - [21/Jan/2015:15:01:47 +0100] "GET /phpmyadmin/index.php?ajax_request=1&recent_table=1&token=b51867551258bdc44b981e3f348ff6ca HTTP/1.1" 200 575
::1 - - [21/Jan/2015:15:06:10 +0100] "GET /phpmyadmin/db_structure.php?db=muziekdblocal&token=b51867551258bdc44b981e3f348ff6ca&ajax_request=true&ajax_page_request=true&menuHashes=a3f338c4-7bf69b88&_nocache=1421849170491347537 HTTP/1.1" 200 21234
::1 - - [21/Jan/2015:15:06:14 +0100] "GET /phpmyadmin/sql.php?db=muziekdblocal&token=b51867551258bdc44b981e3f348ff6ca&goto=db_structure.php&table=cd&pos=0&ajax_request=true&ajax_page_request=true&menuHashes=a3f338c4-7bf69b88-3c7c7656&_nocache=1421849174058625612 HTTP/1.1" 200 37789
::1 - - [21/Jan/2015:15:06:14 +0100] "GET /phpmyadmin/index.php?ajax_request=1&recent_table=1&token=b51867551258bdc44b981e3f348ff6ca HTTP/1.1" 200 699
::1 - - [21/Jan/2015:15:06:16 +0100] "GET /phpmyadmin/tbl_sql.php?db=muziekdblocal&table=cd&token=b51867551258bdc44b981e3f348ff6ca&ajax_request=true&ajax_page_request=true&menuHashes=a3f338c4-7bf69b88-3c7c7656-aa11bbb6&_nocache=1421849176978261197 HTTP/1.1" 200 8358
::1 - - [21/Jan/2015:15:06:17 +0100] "GET /phpmyadmin/index.php?ajax_request=1&recent_table=1&token=b51867551258bdc44b981e3f348ff6ca HTTP/1.1" 200 699
::1 - - [21/Jan/2015:15:06:22 +0100] "POST /phpmyadmin/import.php HTTP/1.1" 200 177
::1 - - [21/Jan/2015:15:07:02 +0100] "POST /phpmyadmin/import.php HTTP/1.1" 200 4158
::1 - - [21/Jan/2015:15:07:09 +0100] "GET /phpmyadmin/sql.php?db=muziekdblocal&table=cd&token=b51867551258bdc44b981e3f348ff6ca&pos=0&ajax_request=true&ajax_page_request=true&menuHashes=a3f338c4-7bf69b88-3c7c7656-aa11bbb6-949c713c&_nocache=1421849229308573281 HTTP/1.1" 200 34697
::1 - - [21/Jan/2015:15:07:10 +0100] "GET /phpmyadmin/index.php?ajax_request=1&recent_table=1&token=b51867551258bdc44b981e3f348ff6ca HTTP/1.1" 200 699
::1 - - [21/Jan/2015:15:07:12 +0100] "GET /phpmyadmin/tbl_sql.php?db=muziekdblocal&table=cd&token=b51867551258bdc44b981e3f348ff6ca&ajax_request=true&ajax_page_request=true&menuHashes=a3f338c4-7bf69b88-3c7c7656-aa11bbb6-949c713c&_nocache=142184923246183165 HTTP/1.1" 200 5266
::1 - - [21/Jan/2015:15:07:13 +0100] "GET /phpmyadmin/index.php?ajax_request=1&recent_table=1&token=b51867551258bdc44b981e3f348ff6ca HTTP/1.1" 200 699
::1 - - [21/Jan/2015:15:07:27 +0100] "POST /phpmyadmin/import.php HTTP/1.1" 200 23795
::1 - - [21/Jan/2015:15:11:22 +0100] "GET /phpmyadmin/sql.php?db=muziekdblocal&table=cd&token=b51867551258bdc44b981e3f348ff6ca&pos=0&ajax_request=true&ajax_page_request=true&menuHashes=a3f338c4-7bf69b88-3c7c7656-aa11bbb6-949c713c&_nocache=1421849482736930822 HTTP/1.1" 200 34697
::1 - - [21/Jan/2015:15:11:23 +0100] "GET /phpmyadmin/index.php?ajax_request=1&recent_table=1&token=b51867551258bdc44b981e3f348ff6ca HTTP/1.1" 200 699
::1 - - [22/Jan/2015:13:44:44 +0100] "GET /phpmyadmin/db_structure.php?server=1&db=muziekdb&token=b51867551258bdc44b981e3f348ff6ca&ajax_request=true&ajax_page_request=true&menuHashes=a3f338c4-7bf69b88-3c7c7656-aa11bbb6-949c713c&_nocache=1421930683991538474 HTTP/1.1" 200 310
::1 - - [22/Jan/2015:13:44:46 +0100] "GET /phpmyadmin/index.php?db=muziekdblocal&target=db_structure.php&token=b51867551258bdc44b981e3f348ff6ca HTTP/1.1" 200 8267
::1 - - [22/Jan/2015:13:44:46 +0100] "GET /phpmyadmin/themes/pmahomme/jquery/jquery-ui-1.9.2.custom.css HTTP/1.1" 304 -
::1 - - [22/Jan/2015:13:44:46 +0100] "GET /phpmyadmin/themes/pmahomme/img/logo_right.png HTTP/1.1" 304 -
::1 - - [22/Jan/2015:13:44:46 +0100] "GET /phpmyadmin/themes/dot.gif HTTP/1.1" 304 -
::1 - - [22/Jan/2015:13:44:46 +0100] "GET /phpmyadmin/js/get_scripts.js.php?scripts[]=jquery/jquery-1.8.3.js&scripts[]=ajax.js&scripts[]=keyhandler.js&scripts[]=jquery/jquery-ui-1.9.2.custom.js&scripts[]=jquery/jquery.sprintf.js&scripts[]=jquery/jquery.cookie.js&scripts[]=jquery/jquery.mousewheel.js&scripts[]=jquery/jquery.event.drag-2.2.js&scripts[]=jquery/jquery-ui-timepicker-addon.js&scripts[]=jquery/jquery.ba-hashchange-1.3.js&scripts[]=jquery/jquery.debounce-1.0.5.js&scripts[]=jquery/jquery.menuResizer-1.0.js&scripts[]=rte.js&scripts[]=functions.js&scripts[]=navigation.js&scripts[]=indexes.js&scripts[]=common.js&scripts[]=codemirror/lib/codemirror.js&scripts[]=codemirror/mode/mysql/mysql.js HTTP/1.1" 200 578562
::1 - - [22/Jan/2015:13:44:46 +0100] "GET /phpmyadmin/phpmyadmin.css.php?server=1&token=b51867551258bdc44b981e3f348ff6ca&nocache=4251026320ltr HTTP/1.1" 200 88608
::1 - - [22/Jan/2015:13:44:46 +0100] "GET /phpmyadmin/js/get_image.js.php?theme=pmahomme HTTP/1.1" 200 6263
::1 - - [22/Jan/2015:13:44:46 +0100] "GET /phpmyadmin/js/messages.php?lang=nl&db=muziekdblocal&server=0&token=b51867551258bdc44b981e3f348ff6ca HTTP/1.1" 200 18194
::1 - - [22/Jan/2015:13:44:47 +0100] "GET /phpmyadmin/sql.php?db=muziekdblocal&table=cd&server=1&target=&token=b51867551258bdc44b981e3f348ff6ca HTTP/1.1" 200 8274
::1 - - [22/Jan/2015:13:44:48 +0100] "GET /phpmyadmin/js/messages.php?lang=nl&db=muziekdblocal&token=b51867551258bdc44b981e3f348ff6ca HTTP/1.1" 200 18194
::1 - - [22/Jan/2015:13:44:52 +0100] "POST /phpmyadmin/index.php HTTP/1.1" 302 -
::1 - - [22/Jan/2015:13:44:53 +0100] "GET /phpmyadmin/index.php?db=muziekdblocal&table=cd&target=sql.php&token=b51867551258bdc44b981e3f348ff6ca HTTP/1.1" 200 51282
::1 - - [22/Jan/2015:13:44:54 +0100] "GET /phpmyadmin/js/get_scripts.js.php?scripts[]=jquery/jquery-1.8.3.js&scripts[]=ajax.js&scripts[]=keyhandler.js&scripts[]=jquery/jquery-ui-1.9.2.custom.js&scripts[]=jquery/jquery.sprintf.js&scripts[]=jquery/jquery.cookie.js&scripts[]=jquery/jquery.mousewheel.js&scripts[]=jquery/jquery.event.drag-2.2.js&scripts[]=jquery/jquery-ui-timepicker-addon.js&scripts[]=jquery/jquery.ba-hashchange-1.3.js&scripts[]=jquery/jquery.debounce-1.0.5.js&scripts[]=jquery/jquery.menuResizer-1.0.js&scripts[]=rte.js&scripts[]=functions.js&scripts[]=navigation.js&scripts[]=indexes.js&scripts[]=common.js&scripts[]=tbl_change.js&scripts[]=tbl_structure.js&scripts[]=gis_data_editor.js&scripts[]=makegrid.js&scripts[]=sql.js&scripts[]=codemirror/lib/codemirror.js&scripts[]=codemirror/mode/mysql/mysql.js HTTP/1.1" 200 635864
::1 - - [22/Jan/2015:13:44:54 +0100] "GET /phpmyadmin/phpmyadmin.css.php?server=1&token=b51867551258bdc44b981e3f348ff6ca&nocache=5672869927ltr HTTP/1.1" 200 88608
::1 - - [22/Jan/2015:13:44:55 +0100] "GET /phpmyadmin/index.php?ajax_request=1&recent_table=1&token=b51867551258bdc44b981e3f348ff6ca HTTP/1.1" 200 699
::1 - - [22/Jan/2015:13:44:57 +0100] "GET /phpmyadmin/db_structure.php?server=1&db=muziekdb&token=b51867551258bdc44b981e3f348ff6ca&ajax_request=true&ajax_page_request=true&menuHashes=445be43b&_nocache=1421930697378573107 HTTP/1.1" 200 23762
::1 - - [22/Jan/2015:13:44:58 +0100] "GET /phpmyadmin/js/get_scripts.js.php?scripts[]=db_structure.js HTTP/1.1" 200 5367
::1 - - [22/Jan/2015:13:44:59 +0100] "GET /phpmyadmin/sql.php?db=muziekdb&token=b51867551258bdc44b981e3f348ff6ca&goto=db_structure.php&table=cd&pos=0&ajax_request=true&ajax_page_request=true&menuHashes=445be43b-46c59cba&_nocache=1421930699929624332 HTTP/1.1" 200 37324
::1 - - [22/Jan/2015:13:45:00 +0100] "GET /phpmyadmin/index.php?ajax_request=1&recent_table=1&token=b51867551258bdc44b981e3f348ff6ca HTTP/1.1" 200 699
::1 - - [22/Jan/2015:14:08:33 +0100] "GET /phpmyadmin/db_structure.php?db=muziekdb&token=b51867551258bdc44b981e3f348ff6ca&ajax_request=true&ajax_page_request=true&menuHashes=445be43b-46c59cba-05404e8c&_nocache=1421932113840272261 HTTP/1.1" 200 20595
::1 - - [22/Jan/2015:14:08:36 +0100] "GET /phpmyadmin/sql.php?db=muziekdb&token=b51867551258bdc44b981e3f348ff6ca&goto=db_structure.php&table=cd&pos=0&ajax_request=true&ajax_page_request=true&menuHashes=445be43b-46c59cba-05404e8c&_nocache=1421932116067921543 HTTP/1.1" 200 34292
::1 - - [22/Jan/2015:14:08:36 +0100] "GET /phpmyadmin/index.php?ajax_request=1&recent_table=1&token=b51867551258bdc44b981e3f348ff6ca HTTP/1.1" 200 699
::1 - - [22/Jan/2015:14:18:31 +0100] "GET /phpmyadmin/db_structure.php?db=muziekdb&token=b51867551258bdc44b981e3f348ff6ca&ajax_request=true&ajax_page_request=true&menuHashes=445be43b-46c59cba-05404e8c&_nocache=1421932711978187008 HTTP/1.1" 200 20595
::1 - - [22/Jan/2015:14:18:34 +0100] "GET /phpmyadmin/sql.php?db=muziekdb&token=b51867551258bdc44b981e3f348ff6ca&goto=db_structure.php&table=doos&pos=0&ajax_request=true&ajax_page_request=true&menuHashes=445be43b-46c59cba-05404e8c&_nocache=142193271400487708 HTTP/1.1" 200 42296
::1 - - [22/Jan/2015:14:18:34 +0100] "GET /phpmyadmin/index.php?ajax_request=1&recent_table=1&token=b51867551258bdc44b981e3f348ff6ca HTTP/1.1" 200 699
